<?xml version="1.0" encoding="UTF-8"?>
<!-- Generated by org.testng.reporters.JUnitReportReporter -->
<testsuite hostname="DESKTOP-3LS0RRU" failures="0" tests="1" name="cucumber.Options.TestRunner" time="4.198" errors="0" timestamp="2023-12-23T22:47:01 IST" skipped="0">
  <testcase classname="cucumber.Options.TestRunner" name="runScenario" time="4.198"/>
</testsuite> <!-- cucumber.Options.TestRunner -->
